15:00:45 **** Incremental Build of configuration Debug for project pratica3 ****
make all 
'Building file: ../src/Ex.s'
'Invoking: GCC Assembler 7.3.1 [aarch64-elf]'
aarch64-elf-as.exe -g -c -o "src/Ex.o" "../src/Ex.s"
../src/Ex.s: Assembler messages:
../src/Ex.s: Warning: end of file in string; '"' inserted
../src/Ex.s:30: Error: operand 2 must be a floating-point register -- `fadd d0, d0, d2'
../src/Ex.s:31: Error: operand 2 must be a floating-point register -- `fnmul d0, d0, d1'
../src/Ex.s:35: Error: operand 2 must be a floating-point register -- `fsqrt d0, d0'
../src/Ex.s:36: Error: operand 2 must be a SIMD scalar register -- `scvtf d1, w0'
../src/Ex.s:37: Error: operand 2 must be a floating-point register -- `fadd d0, d0, d1'
../src/Ex.s:42: Error: operand 2 must be a floating-point register -- `fsub s1, s0, s1'
../src/Ex.s:43: Error: operand 2 must be a SIMD scalar register -- `fmul s1, s1, s2'
../src/Ex.s:44: Error: operand 2 must be a floating-point register -- `fadd s0, s3, s0'
../src/Ex.s:46: Error: operand 2 must be a floating-point register -- `fsub s0, s0, s2'
../src/Ex.s:47: Error: operand 2 must be a floating-point register -- `fdiv s0, s1, s0'
../src/Ex.s:50: Error: junk at end of line, first unrecognized character is `/'
../src/Ex.s:52: Error: operand 2 must be a SIMD scalar register -- `fmul d0, d0, d0'
../src/Ex.s:54: Error: operand 2 must be a SIMD scalar register -- `fmul d0, d0, d2'
../src/Ex.s:57: Error: junk at end of line, first unrecognized character is `/'
../src/Ex.s:59: Error: operand 2 must be a floating-point register -- `fsub d0, d2, d0'
../src/Ex.s:60: Error: operand 2 must be a floating-point register -- `fsub d1, d3, d1'
../src/Ex.s:61: Error: operand 2 must be a SIMD scalar register -- `fmul d0, d0, d0'
../src/Ex.s:62: Error: operand 2 must be a SIMD scalar register -- `fmul d1, d1, d1'
../src/Ex.s:63: Error: operand 2 must be a floating-point register -- `fadd d0, d0, d1'
../src/Ex.s:64: Error: operand 2 must be a floating-point register -- `fsqrt d0, d0'
../src/Ex.s:67: Error: junk at end of line, first unrecognized character is `/'
../src/Ex.s:69: Error: bad expression at operand 2 -- `mov x1, #101'
../src/Ex.s:70: Error: unexpected characters following instruction at operand 2 -- `ldr s3, F3a0	//valor de x'
../src/Ex.s:71: Error: unexpected characters following instruction at operand 2 -- `ldr s4, F3a1	//valor de 0.1'
../src/Ex.s:72: Error: unexpected characters following instruction at operand 2 -- `ldr s5, F3a2	//valor de 1.5'
../src/Ex.s:73: Error: unexpected characters following instruction at operand 2 -- `ldr s6, F3a3	//valor de 12.5'
../src/Ex.s:74: Error: unexpected characters following instruction at operand 2 -- `ldr s7, F3a4	//valor de 7'
../src/Ex.s:78: Error: operand 2 must be a SIMD scalar register -- `fmul s2, s3, s3'
../src/Ex.s:79: Error: operand 2 must be a SIMD scalar register -- `fmul s2, s2, s3'
../src/Ex.s:80: Error: operand 2 must be a SIMD scalar register -- `fmul s2, s5, s2 //valor de 1.5*x^3'
../src/Ex.s:81: Error: operand 2 must be a floating-point register -- `fadd s16, s16, s2'
../src/Ex.s:82: Error: operand 2 must be a SIMD scalar register -- `fmul s2, s6, s3	//valor de 12.5*x'
../src/Ex.s:83: Error: operand 2 must be a floating-point register -- `fsub s16, s16, s2'
../src/Ex.s:84: Error: operand 2 must be a floating-point register -- `fadd s16, s16, s7'
../src/Ex.s:85: Error: invalid addressing mode at operand 2 -- `str s16, [x0], #4'
../src/Ex.s:86: Error: operand 2 must be a floating-point register -- `fadd s3, s3, s4'
../src/Ex.s:87: Error: operand 2 must be an integer or stack pointer register -- `sub x1, x1, 1'
../src/Ex.s:92: Error: junk at end of line, first unrecognized character is `/'
../src/Ex.s:94: Error: operand 2 must be an integer or stack pointer register -- `sub x2, x1, 1		//vezes que se vai repetir o processo'
../src/Ex.s:96: Error: operand 2 must be an integer register -- `mul x3, x3, F4		//quantos bytes são necessários para passar para o último elemento'
../src/Ex.s:97: Error: operand 2 must be an integer or stack pointer register -- `add x0, x0, x3		//x0 está agora no último elemento da sequência'
../src/Ex.s:98: Error: unexpected characters following instruction at operand 2 -- `ldr d1, [x0], #-8	//último elemento, para iniciar o counter'
../src/Ex.s:100: Error: unexpected characters following instruction at operand 2 -- `ldr d2, [x0], #-8'
../src/Ex.s:101: Error: operand 2 must be a SIMD scalar register -- `fmul d1, d1, d0'
../src/Ex.s:102: Error: operand 2 must be a floating-point register -- `fadd d1, d1, d2'
../src/Ex.s:103: Error: operand 2 must be an integer or stack pointer register -- `sub x2, x2, 1'
../src/Ex.s:106: Error: invalid floating-point constant at operand 2 -- `fmov d0, d1'
../src/Ex.s:108: Warning: missing closing '"'
../src/Ex.s:108: Error: unknown mnemonic `' -- `
'
make: *** [src/subdir.mk:24: src/Ex.o] Error 1

15:00:46 Build Finished (took 532ms)

